Performing C SOURCE FILE Test CMAKE_HAVE_LIBC_PTHREAD failed with the following output:
Change Dir: /home/albert/ELEC5660/proj2phase1/tag_ws/build/CMakeFiles/CMakeTmp

Run Build Command(s):/usr/bin/make -f Makefile cmTC_0d30b/fast && /usr/bin/make  -f CMakeFiles/cmTC_0d30b.dir/build.make CMakeFiles/cmTC_0d30b.dir/build
make[1]: Entering directory '/home/albert/ELEC5660/proj2phase1/tag_ws/build/CMakeFiles/CMakeTmp'
Building C object CMakeFiles/cmTC_0d30b.dir/src.c.o
/usr/bin/cc -DCMAKE_HAVE_LIBC_PTHREAD   -o CMakeFiles/cmTC_0d30b.dir/src.c.o -c /home/albert/ELEC5660/proj2phase1/tag_ws/build/CMakeFiles/CMakeTmp/src.c
Linking C executable cmTC_0d30b
/home/albert/.local/lib/python2.7/site-packages/cmake/data/bin/cmake -E cmake_link_script CMakeFiles/cmTC_0d30b.dir/link.txt --verbose=1
/usr/bin/cc -rdynamic CMakeFiles/cmTC_0d30b.dir/src.c.o -o cmTC_0d30b 
CMakeFiles/cmTC_0d30b.dir/src.c.o: In function `main':
src.c:(.text+0x3e): undefined reference to `pthread_create'
src.c:(.text+0x4a): undefined reference to `pthread_detach'
src.c:(.text+0x56): undefined reference to `pthread_cancel'
src.c:(.text+0x67): undefined reference to `pthread_join'
collect2: error: ld returned 1 exit status
CMakeFiles/cmTC_0d30b.dir/build.make:98: recipe for target 'cmTC_0d30b' failed
make[1]: *** [cmTC_0d30b] Error 1
make[1]: Leaving directory '/home/albert/ELEC5660/proj2phase1/tag_ws/build/CMakeFiles/CMakeTmp'
Makefile:127: recipe for target 'cmTC_0d30b/fast' failed
make: *** [cmTC_0d30b/fast] Error 2


Source file was:
#include <pthread.h>

static void* test_func(void* data)
{
  return data;
}

int main(void)
{
  pthread_t thread;
  pthread_create(&thread, NULL, test_func, NULL);
  pthread_detach(thread);
  pthread_cancel(thread);
  pthread_join(thread, NULL);
  pthread_atfork(NULL, NULL, NULL);
  pthread_exit(NULL);

  return 0;
}

Determining if the function pthread_create exists in the pthreads failed with the following output:
Change Dir: /home/albert/ELEC5660/proj2phase1/tag_ws/build/CMakeFiles/CMakeTmp

Run Build Command(s):/usr/bin/make -f Makefile cmTC_46f7c/fast && /usr/bin/make  -f CMakeFiles/cmTC_46f7c.dir/build.make CMakeFiles/cmTC_46f7c.dir/build
make[1]: Entering directory '/home/albert/ELEC5660/proj2phase1/tag_ws/build/CMakeFiles/CMakeTmp'
Building C object CMakeFiles/cmTC_46f7c.dir/CheckFunctionExists.c.o
/usr/bin/cc   -DCHECK_FUNCTION_EXISTS=pthread_create -o CMakeFiles/cmTC_46f7c.dir/CheckFunctionExists.c.o -c /home/albert/.local/lib/python2.7/site-packages/cmake/data/share/cmake-3.21/Modules/CheckFunctionExists.c
Linking C executable cmTC_46f7c
/home/albert/.local/lib/python2.7/site-packages/cmake/data/bin/cmake -E cmake_link_script CMakeFiles/cmTC_46f7c.dir/link.txt --verbose=1
/usr/bin/cc  -DCHECK_FUNCTION_EXISTS=pthread_create -rdynamic CMakeFiles/cmTC_46f7c.dir/CheckFunctionExists.c.o -o cmTC_46f7c  -lpthreads 
/usr/bin/ld: cannot find -lpthreads
collect2: error: ld returned 1 exit status
CMakeFiles/cmTC_46f7c.dir/build.make:98: recipe for target 'cmTC_46f7c' failed
make[1]: *** [cmTC_46f7c] Error 1
make[1]: Leaving directory '/home/albert/ELEC5660/proj2phase1/tag_ws/build/CMakeFiles/CMakeTmp'
Makefile:127: recipe for target 'cmTC_46f7c/fast' failed
make: *** [cmTC_46f7c/fast] Error 2



